<?xml version="1.0" encoding="UTF-8"?>
<!-- Generated by org.testng.reporters.JUnitReportReporter -->
<testsuite hostname="vm-lab59-11-354" failures="0" tests="1" name="tests.SignInSignOuTest" time="7.955" errors="0" timestamp="2024-07-24T07:20:11 UTC" skipped="0">
  <testcase classname="tests.SignInSignOuTest" name="verifySignInSignOut" time="7.955"/>
</testsuite> <!-- tests.SignInSignOuTest -->
