<?xml version="1.0" encoding="UTF-8"?>
<!-- Generated by org.testng.reporters.JUnitReportReporter -->
<testsuite hostname="vm-lab59-11-354" failures="0" tests="8" name="tests.Swagtest" time="4.261" errors="0" timestamp="2024-07-19T08:11:33 UTC" skipped="0">
  <testcase classname="tests.Swagtest" name="verifyLogin" time="0.281"/>
  <testcase classname="tests.Swagtest" name="verifyValidLogin" time="0.257"/>
  <testcase classname="tests.Swagtest" name="verifyLogin" time="0.251"/>
  <testcase classname="tests.Swagtest" name="verifyLogin" time="0.252"/>
  <testcase classname="tests.Swagtest" name="verifyCartBadgeCount_addOneProduct" time="1.117"/>
  <testcase classname="tests.Swagtest" name="verifyCartBadgeCount_addTwoProduct" time="0.563"/>
  <testcase classname="tests.Swagtest" name="verifyLockedUserLogin" time="0.224"/>
  <testcase classname="tests.Swagtest" name="verifyCartListCount" time="1.316"/>
</testsuite> <!-- tests.Swagtest -->
