<?xml version="1.0" encoding="UTF-8"?>
<!-- Generated by org.testng.reporters.JUnitReportReporter -->
<testsuite hostname="vm-lab59-11-354" failures="0" tests="5" name="testrunner.TestRunner" time="8.936" errors="0" timestamp="2024-07-23T13:57:24 UTC" skipped="0">
  <testcase classname="testrunner.TestRunner" name="runScenario" time="1.472"/>
  <testcase classname="testrunner.TestRunner" name="runScenario" time="1.703"/>
  <testcase classname="testrunner.TestRunner" name="runScenario" time="1.738"/>
  <testcase classname="testrunner.TestRunner" name="runScenario" time="2.353"/>
  <testcase classname="testrunner.TestRunner" name="runScenario" time="1.670"/>
</testsuite> <!-- testrunner.TestRunner -->
