<?xml version="1.0" encoding="UTF-8"?>
<!-- Generated by org.testng.reporters.JUnitReportReporter -->
<testsuite hostname="vm-lab59-11-354" failures="0" tests="6" name="tests.Dummy" time="0.013" errors="0" timestamp="2024-07-19T06:37:04 UTC" skipped="0">
  <testcase classname="tests.Dummy" name="dummy" time="0.002"/>
  <testcase classname="tests.Dummy" name="dummy" time="0.001"/>
  <testcase classname="tests.Dummy" name="dummy" time="0.002"/>
  <testcase classname="tests.Dummy" name="dummy" time="0.001"/>
  <testcase classname="tests.Dummy" name="dummy" time="0.006"/>
  <testcase classname="tests.Dummy" name="dummy" time="0.001"/>
</testsuite> <!-- tests.Dummy -->
