<?xml version="1.0" encoding="UTF-8"?>
<!-- Generated by org.testng.reporters.JUnitReportReporter -->
<testsuite hostname="vm-lab59-11-354" failures="0" tests="6" name="tests.HomePageTests" time="15.340" errors="0" timestamp="2024-07-22T14:53:05 UTC" skipped="0">
  <testcase classname="tests.HomePageTests" name="verifySearchResultsOnMagnifierClick" time="3.628"/>
  <testcase classname="tests.HomePageTests" name="verifyLogoClick" time="1.064"/>
  <testcase classname="tests.HomePageTests" name="verifyDemoMessage" time="3.227"/>
  <testcase classname="tests.HomePageTests" name="verifyNestedLevelSearch" time="3.028"/>
  <testcase classname="tests.HomePageTests" name="verifyDropDownArrowMenuCount" time="0.197"/>
  <testcase classname="tests.HomePageTests" name="verifySearchResultsOnAutoCompleteClick" time="4.196"/>
</testsuite> <!-- tests.HomePageTests -->
