<?xml version="1.0" encoding="UTF-8"?>
<!-- Generated by org.testng.reporters.JUnitReportReporter -->
<testsuite hostname="vm-lab59-11-354" failures="0" tests="2" name="testrunner.TestRunner" time="13.719" errors="0" timestamp="2024-07-24T06:55:32 UTC" skipped="0">
  <testcase classname="testrunner.TestRunner" name="runScenario" time="4.603"/>
  <testcase classname="testrunner.TestRunner" name="runScenario" time="9.116"/>
</testsuite> <!-- testrunner.TestRunner -->
